
     Program DOS v.7.1 starts on 25Jun2023 at  2:53:51 

     This program is part of the open-source Quantum ESPRESSO suite
     for quantum simulation of materials; please cite
         "P. Giannozzi et al., J. Phys.:Condens. Matter 21 395502 (2009);
         "P. Giannozzi et al., J. Phys.:Condens. Matter 29 465901 (2017);
         "P. Giannozzi et al., J. Chem. Phys. 152 154105 (2020);
          URL http://www.quantum-espresso.org", 
     in publications or presentations arising from this work. More details at
     http://www.quantum-espresso.org/quote

     Parallel version (MPI), running on    10 processors

     MPI processes distributed on     1 nodes
     R & G space division:  proc/nbgrp/npool/nimage =      10
     2482 MiB available memory on the printing compute node when the environment starts
 

     Reading xml data from directory:

     ./work/Al2O2.save/
     Message from routine volume:
     axis vectors are left-handed
     file Al.pbe-n-kjpaw_psl.1.0.0.UPF: wavefunction(s)  3S 3P renormalized
     file O.pbe-n-kjpaw_psl.1.0.0.UPF: wavefunction(s)  2S 2P renormalized

     IMPORTANT: XC functional enforced from input :
     Exchange-correlation= PBE
                           (   1   4   3   4   0   0   0)
     Any further DFT definition will be discarded
     Please, verify this is what you really want

 
     Parallelization info
     --------------------
     sticks:   dense  smooth     PW     G-vecs:    dense   smooth      PW
     Min          62      62     19                 4878     4878     873
     Max          63      63     20                 4885     4885     888
     Sum         625     625    199                48809    48809    8853
 
     Using Slab Decomposition
 

     Check: negative core charge=   -0.000007

     Tetrahedra used

 
     DOS          :   4m59.91s CPU   5m 0.24s WALL

 
   This run was terminated on:   2:58:51  25Jun2023            

=------------------------------------------------------------------------------=
   JOB DONE.
=------------------------------------------------------------------------------=
